{
  "RSpec": {
    "coverage": {
      "/Users/hasansonmez/Projects/course/airport_challenge/spec/airport_spec.rb": [
        1,
        null,
        1,
        null,
        13,
        1,
        null,
        1,
        33,
        null,
        null,
        1,
        1,
        1,
        1,
        null,
        null,
        1,
        1,
        1,
        1,
        null,
        null,
        null,
        1,
        1,
        2,
        11,
        11,
        null,
        null,
        null,
        null,
        null,
        null,
        1,
        1,
        1,
        1,
        1,
        1,
        null,
        null,
        1,
        1,
        1,
        2,
        null,
        null,
        null,
        1,
        1,
        1,
        1,
        1,
        null,
        null,
        null,
        null,
        1,
        1,
        2,
        1,
        2,
        null,
        null,
        null,
        null,
        1,
        1,
        1,
        1,
        1,
        1,
        1,
        null,
        null,
        1,
        1,
        1,
        1,
        2,
        null,
        null,
        null,
        1,
        1,
        1,
        1,
        1,
        1,
        null,
        null,
        null,
        null,
        1,
        1,
        1,
        1,
        2,
        2,
        null,
        null,
        null,
        null,
        1,
        1,
        1,
        1,
        null,
        null,
        null,
        null
      ],
      "/Users/hasansonmez/Projects/course/airport_challenge/lib/airport.rb": [
        1,
        1,
        1,
        null,
        1,
        13,
        13,
        13,
        null,
        null,
        1,
        20,
        19,
        18,
        17,
        17,
        null,
        null,
        1,
        5,
        4,
        3,
        3,
        null,
        null,
        1,
        26,
        null,
        null,
        1,
        23,
        null,
        null,
        1,
        1,
        null,
        1,
        20,
        null,
        null,
        null
      ],
      "/Users/hasansonmez/Projects/course/airport_challenge/spec/planes_spec.rb": [
        1,
        null,
        1,
        null,
        4,
        null,
        1,
        1,
        1,
        null,
        null,
        1,
        1,
        1,
        null,
        1,
        null,
        null,
        null,
        1,
        1,
        1,
        1,
        null,
        null,
        null,
        null
      ],
      "/Users/hasansonmez/Projects/course/airport_challenge/lib/planes.rb": [
        1,
        1,
        null,
        1,
        3,
        null,
        null,
        1,
        2,
        null,
        null,
        1,
        1,
        null,
        null,
        1,
        1,
        null,
        null
      ],
      "/Users/hasansonmez/Projects/course/airport_challenge/spec/weather_spec.rb": [
        1,
        null,
        1,
        null,
        4,
        null,
        1,
        1,
        1,
        null,
        null,
        null,
        1,
        1,
        2,
        1,
        null,
        null,
        null,
        1,
        1,
        2,
        1,
        null,
        null,
        null,
        null
      ],
      "/Users/hasansonmez/Projects/course/airport_challenge/lib/weather.rb": [
        1,
        1,
        null,
        1,
        1,
        null,
        null,
        null
      ]
    },
    "timestamp": 1491901973
  }
}
